openstack project show admin -f value -c id
openstack user show admin -f value -c id
openstack role assignment list --user 8222d08bd9244dd1a55a52020103c5d3 --os-url=http://10.250.1.3/identity/v3 --os-identity-api-version=3 --domain default
openstack role add admin --user 8222d08bd9244dd1a55a52020103c5d3 --domain default --os-url=http://10.250.1.3/identity/v3 --os-identity-api-version=3
openstack role assignment list --user 8222d08bd9244dd1a55a52020103c5d3 --os-url=http://10.250.1.3/identity/v3 --os-identity-api-version=3 --domain default
openstack domain show Default -f value -c id
openstack project create service --domain=Default --or-show -f value -c id
openstack role create service --or-show -f value -c id
openstack role create ResellerAdmin --or-show -f value -c id
openstack role create Member --or-show -f value -c id
openstack role create member --or-show -f value -c id
openstack role create anotherrole --or-show -f value -c id
openstack project create invisible_to_admin --domain=default --or-show -f value -c id
openstack project create demo --domain=default --or-show -f value -c id
openstack user create demo --password p1111111 --domain=default --email=demo@example.com --or-show -f value -c id
openstack role assignment list --user af4405d931584f2d95512466dabb3cdc --project 6eaff7ecc1694fcd94532bad5f09e17f
openstack role add member --user af4405d931584f2d95512466dabb3cdc --project 6eaff7ecc1694fcd94532bad5f09e17f
openstack role assignment list --user af4405d931584f2d95512466dabb3cdc --project 6eaff7ecc1694fcd94532bad5f09e17f
openstack role assignment list --user 8222d08bd9244dd1a55a52020103c5d3 --project 6eaff7ecc1694fcd94532bad5f09e17f
openstack role add admin --user 8222d08bd9244dd1a55a52020103c5d3 --project 6eaff7ecc1694fcd94532bad5f09e17f
openstack role assignment list --user 8222d08bd9244dd1a55a52020103c5d3 --project 6eaff7ecc1694fcd94532bad5f09e17f
openstack role assignment list --user af4405d931584f2d95512466dabb3cdc --project 6eaff7ecc1694fcd94532bad5f09e17f
openstack role add anotherrole --user af4405d931584f2d95512466dabb3cdc --project 6eaff7ecc1694fcd94532bad5f09e17f
openstack role assignment list --user af4405d931584f2d95512466dabb3cdc --project 6eaff7ecc1694fcd94532bad5f09e17f
openstack role assignment list --user af4405d931584f2d95512466dabb3cdc --project fe0c679d273a44ae9dc4f52fa3710416
openstack role add member --user af4405d931584f2d95512466dabb3cdc --project fe0c679d273a44ae9dc4f52fa3710416
openstack role assignment list --user af4405d931584f2d95512466dabb3cdc --project fe0c679d273a44ae9dc4f52fa3710416
openstack project create alt_demo --domain=default --or-show -f value -c id
openstack user create alt_demo --password p1111111 --domain=default --email=alt_demo@example.com --or-show -f value -c id
openstack role assignment list --user 73065fa94ae64c6eb9d74ac1a3b3bda1 --project 9436af9b90df46a6a45d243a295f7686
openstack role add member --user 73065fa94ae64c6eb9d74ac1a3b3bda1 --project 9436af9b90df46a6a45d243a295f7686
openstack role assignment list --user 73065fa94ae64c6eb9d74ac1a3b3bda1 --project 9436af9b90df46a6a45d243a295f7686
openstack role assignment list --user 8222d08bd9244dd1a55a52020103c5d3 --project 9436af9b90df46a6a45d243a295f7686
openstack role add admin --user 8222d08bd9244dd1a55a52020103c5d3 --project 9436af9b90df46a6a45d243a295f7686
openstack role assignment list --user 8222d08bd9244dd1a55a52020103c5d3 --project 9436af9b90df46a6a45d243a295f7686
openstack role assignment list --user 73065fa94ae64c6eb9d74ac1a3b3bda1 --project 9436af9b90df46a6a45d243a295f7686
openstack role add anotherrole --user 73065fa94ae64c6eb9d74ac1a3b3bda1 --project 9436af9b90df46a6a45d243a295f7686
openstack role assignment list --user 73065fa94ae64c6eb9d74ac1a3b3bda1 --project 9436af9b90df46a6a45d243a295f7686
openstack admin group'
openstack admin group'
openstack group create admins --domain default --description '
openstack group create nonadmins --domain default --description 'non-admin group' --or-show -f value -c id
openstack role assignment list --group 5c0860270f95475b82ee7ff488a1c05a --project 6eaff7ecc1694fcd94532bad5f09e17f -f value
openstack role add member --group 5c0860270f95475b82ee7ff488a1c05a --project 6eaff7ecc1694fcd94532bad5f09e17f
openstack role assignment list --group 5c0860270f95475b82ee7ff488a1c05a --project 6eaff7ecc1694fcd94532bad5f09e17f -f value
openstack role assignment list --group 5c0860270f95475b82ee7ff488a1c05a --project 6eaff7ecc1694fcd94532bad5f09e17f -f value
openstack role assignment list --group 5c0860270f95475b82ee7ff488a1c05a --project 9436af9b90df46a6a45d243a295f7686 -f value
openstack role add member --group 5c0860270f95475b82ee7ff488a1c05a --project 9436af9b90df46a6a45d243a295f7686
openstack role assignment list --group 5c0860270f95475b82ee7ff488a1c05a --project 9436af9b90df46a6a45d243a295f7686 -f value
openstack role assignment list --group 5c0860270f95475b82ee7ff488a1c05a --project 9436af9b90df46a6a45d243a295f7686 -f value
openstack role assignment list --group ee2c095c0f934a66b5b35c1cb6787a5f --project 4ab2d9a426aa4ac19b49dee23aa40ace -f value
openstack role add admin --group ee2c095c0f934a66b5b35c1cb6787a5f --project 4ab2d9a426aa4ac19b49dee23aa40ace
openstack role assignment list --group ee2c095c0f934a66b5b35c1cb6787a5f --project 4ab2d9a426aa4ac19b49dee23aa40ace -f value
openstack user create nova --password p1111111 --domain=Default --or-show -f value -c id
openstack role assignment list --user nova --project service --user-domain Default --project-domain Default
openstack role add service --user nova --project service --user-domain Default --project-domain Default
openstack role assignment list --user nova --project service --user-domain Default --project-domain Default
openstack role assignment list --user nova --project service --user-domain Default --project-domain Default
openstack role add admin --user nova --project service --user-domain Default --project-domain Default
openstack role assignment list --user nova --project service --user-domain Default --project-domain Default
openstack service show compute_legacy -f value -c id
openstack service create compute_legacy --name nova_legacy '--description=Nova Compute Service (Legacy 2.0)' -f value -c id
openstack endpoint list --service compute_legacy --interface public --region RegionOne -c ID -f value
openstack endpoint create compute_legacy public 'http://10.250.1.3:8774/v2/$(project_id)s' --region RegionOne -f value -c id
openstack service show compute -f value -c id
openstack service create compute --name nova '--description=Nova Compute Service' -f value -c id
openstack endpoint list --service compute --interface public --region RegionOne -c ID -f value
openstack endpoint create compute public http://10.250.1.3:8774/v2.1 --region RegionOne -f value -c id
openstack role assignment list --user nova --project service --user-domain Default --project-domain Default
openstack role add ResellerAdmin --user nova --project service --user-domain Default --project-domain Default
openstack role assignment list --user nova --project service --user-domain Default --project-domain Default
openstack user create glance --password p1111111 --domain=Default --or-show -f value -c id
openstack role assignment list --user glance --project service --user-domain Default --project-domain Default
openstack role add service --user glance --project service --user-domain Default --project-domain Default
openstack role assignment list --user glance --project service --user-domain Default --project-domain Default
openstack user create glance-swift --password p1111111 --domain=Default --or-show -f value -c id
openstack role assignment list --user glance-swift --project service --user-domain Default --project-domain Default
openstack role add service --user glance-swift --project service --user-domain Default --project-domain Default
openstack role assignment list --user glance-swift --project service --user-domain Default --project-domain Default
openstack role assignment list --user glance-swift --project service --user-domain Default --project-domain Default
openstack role add ResellerAdmin --user glance-swift --project service --user-domain Default --project-domain Default
openstack role assignment list --user glance-swift --project service --user-domain Default --project-domain Default
openstack service show image -f value -c id
openstack service create image --name glance '--description=Glance Image Service' -f value -c id
openstack endpoint list --service image --interface public --region RegionOne -c ID -f value
openstack endpoint create image public http://10.250.1.3:9292 --region RegionOne -f value -c id
openstack domain show Default -f value -c id
openstack user create neutron --password p1111111 --domain=Default --or-show -f value -c id
openstack role assignment list --user neutron --project service --user-domain Default --project-domain Default
openstack role add service --user neutron --project service --user-domain Default --project-domain Default
openstack role assignment list --user neutron --project service --user-domain Default --project-domain Default
openstack service show network -f value -c id
openstack service create network --name neutron '--description=Neutron Service' -f value -c id
openstack endpoint list --service network --interface public --region RegionOne -c ID -f value
openstack endpoint create network public http://10.250.1.3:9696/ --region RegionOne -f value -c id
openstack role create anotherrole --or-show -f value -c id
openstack user create swift --password p1111111 --domain=Default --or-show -f value -c id
openstack role assignment list --user swift --project service --user-domain Default --project-domain Default
openstack role add service --user swift --project service --user-domain Default --project-domain Default
openstack role assignment list --user swift --project service --user-domain Default --project-domain Default
openstack role assignment list --user swift --project service --user-domain Default --project-domain Default
openstack role add admin --user swift --project service --user-domain Default --project-domain Default
openstack role assignment list --user swift --project service --user-domain Default --project-domain Default
openstack service show object-store -f value -c id
openstack service create object-store --name swift '--description=Swift Service' -f value -c id
openstack endpoint list --service object-store --interface public --region RegionOne -c ID -f value
openstack endpoint create object-store public 'http://10.250.1.3:8080/v1/AUTH_$(project_id)s' --region RegionOne -f value -c id
openstack endpoint list --service object-store --interface admin --region RegionOne -c ID -f value
openstack endpoint create object-store admin http://10.250.1.3:8080 --region RegionOne -f value -c id
openstack project create swiftprojecttest1 --domain=default --or-show -f value -c id
openstack user create swiftusertest1 --password testing --domain=default --email=test@example.com --or-show -f value -c id
openstack role assignment list --user fec41f753a184631a38e2e3230d39085 --project 6965aef0648043b092b53506cc56a2fe
openstack role add admin --user fec41f753a184631a38e2e3230d39085 --project 6965aef0648043b092b53506cc56a2fe
openstack role assignment list --user fec41f753a184631a38e2e3230d39085 --project 6965aef0648043b092b53506cc56a2fe
openstack user create swiftusertest3 --password testing3 --domain=default --email=test3@example.com --or-show -f value -c id
openstack role assignment list --user 2b529cc25ace4ec18e80f0cd879b691b --project 6965aef0648043b092b53506cc56a2fe
openstack role add b9cdcde910d9413bb2d46bcfc639ee98 --user 2b529cc25ace4ec18e80f0cd879b691b --project 6965aef0648043b092b53506cc56a2fe
openstack role assignment list --user 2b529cc25ace4ec18e80f0cd879b691b --project 6965aef0648043b092b53506cc56a2fe
openstack project create swiftprojecttest2 --domain=default --or-show -f value -c id
openstack user create swiftusertest2 --password testing2 --domain=default --email=test2@example.com --or-show -f value -c id
openstack role assignment list --user 10ec861de94c473ab6051644891c48da --project 554c828e8fd347e6be93c2e5e855fa1f
openstack role add admin --user 10ec861de94c473ab6051644891c48da --project 554c828e8fd347e6be93c2e5e855fa1f
openstack role assignment list --user 10ec861de94c473ab6051644891c48da --project 554c828e8fd347e6be93c2e5e855fa1f
openstack domain show swift_test -f value -c id
openstack domain create swift_test --description 'Used for swift functional testing' -f value -c id
openstack project create swiftprojecttest4 --domain=7101c820856a4114bd3eb89a3b96cdae --or-show -f value -c id
openstack user create swiftusertest4 --password testing4 --domain=7101c820856a4114bd3eb89a3b96cdae --email=test4@example.com --or-show -f value -c id
openstack role assignment list --user 34ee1ff9a328464987c2229dfa1ac3e5 --project 3b7952fbf71b43dabfc70008a5867ee8
openstack role add admin --user 34ee1ff9a328464987c2229dfa1ac3e5 --project 3b7952fbf71b43dabfc70008a5867ee8
openstack role assignment list --user 34ee1ff9a328464987c2229dfa1ac3e5 --project 3b7952fbf71b43dabfc70008a5867ee8
openstack user create placement --password p1111111 --domain=Default --or-show -f value -c id
openstack role assignment list --user placement --project service --user-domain Default --project-domain Default
openstack role add service --user placement --project service --user-domain Default --project-domain Default
openstack role assignment list --user placement --project service --user-domain Default --project-domain Default
openstack role assignment list --user placement --project service --user-domain Default --project-domain Default
openstack role add admin --user placement --project service --user-domain Default --project-domain Default
openstack role assignment list --user placement --project service --user-domain Default --project-domain Default
openstack service show placement -f value -c id
openstack service create placement --name placement '--description=Placement Service' -f value -c id
openstack endpoint list --service placement --interface public --region RegionOne -c ID -f value
openstack endpoint create placement public http://10.250.1.3/placement --region RegionOne -f value -c id
openstack project create service --domain=default --or-show -f value -c id
openstack service show baremetal -f value -c id
openstack service create baremetal --name ironic '--description=Ironic baremetal provisioning service' -f value -c id
openstack endpoint list --service baremetal --interface public --region RegionOne -c ID -f value
openstack endpoint create baremetal public http://10.250.1.3:6385 --region RegionOne -f value -c id
openstack endpoint list --service baremetal --interface admin --region RegionOne -c ID -f value
openstack endpoint create baremetal admin http://10.250.1.3:6385 --region RegionOne -f value -c id
openstack endpoint list --service baremetal --interface internal --region RegionOne -c ID -f value
openstack endpoint create baremetal internal http://10.250.1.3:6385 --region RegionOne -f value -c id
openstack user create ironic --password p1111111 --domain=Default --or-show -f value -c id
openstack role assignment list --user ironic --project service --user-domain Default --project-domain Default
openstack role add service --user ironic --project service --user-domain Default --project-domain Default
openstack role assignment list --user ironic --project service --user-domain Default --project-domain Default
openstack role assignment list --user ironic --project service --user-domain Default --project-domain Default
openstack role add admin --user ironic --project service --user-domain Default --project-domain Default
openstack role assignment list --user ironic --project service --user-domain Default --project-domain Default
openstack role create baremetal_admin --or-show -f value -c id
openstack role create baremetal_observer --or-show -f value -c id
openstack role assignment list --user nova --project service
openstack role add baremetal_admin --user nova --project service
openstack role assignment list --user nova --project service
openstack role assignment list --user demo --project demo
openstack role add baremetal_observer --user demo --project demo
openstack role assignment list --user demo --project demo
openstack object store account set --property Temp-URL-Key=p1111111
openstack --os-cloud=devstack-admin --os-region-name=RegionOne image create cirros-0.3.5-x86_64-uec-kernel --public --container-format aki --disk-format aki
openstack --os-cloud=devstack-admin --os-region-name=RegionOne image create cirros-0.3.5-x86_64-uec-ramdisk --public --container-format ari --disk-format ari
openstack --os-cloud=devstack-admin --os-region-name=RegionOne image create cirros-0.3.5-x86_64-uec --public --container-format ami --disk-format ami --property kernel_id=f665ac30-d0ce-4728-a90b-d96be8c7f2d2 --property ramdisk_id=9e657b1b-50d0-41be-8563-c7d0830c0f23
openstack --os-cloud=devstack-admin --os-region-name=RegionOne image create cirros-0.3.5-x86_64-disk --public --container-format=bare --disk-format qcow2
openstack project list
openstack --os-cloud devstack-admin --os-region RegionOne extension list --network -c Alias -f value
openstack --os-cloud devstack-admin --os-region RegionOne subnet pool create shared-default-subnetpool --default-prefix-length 26 --pool-prefix 10.0.0.0/22 --share --default
openstack --os-cloud devstack-admin --os-region RegionOne subnet pool create shared-default-subnetpool --default-prefix-length 64 --pool-prefix fd99:0295:1537::/56 --share --default
openstack --os-cloud devstack-admin --os-region RegionOne network create --project 6eaff7ecc1694fcd94532bad5f09e17f private
openstack --os-cloud devstack-admin --os-region RegionOne subnet create --project 6eaff7ecc1694fcd94532bad5f09e17f --ip-version 4 --gateway 10.1.0.1 --subnet-pool 700abf50-bd39-4e09-bbab-780d21cdde9b --network 056b7a85-726a-4d18-abef-59f2a43aa16d private-subnet
openstack --os-cloud devstack-admin --os-region RegionOne subnet create --project 6eaff7ecc1694fcd94532bad5f09e17f --ip-version 6 --subnet-pool 254e2198-20c0-46d1-830a-ddfeaa14d3f1 --ipv6-ra-mode slaac --ipv6-address-mode slaac --network 056b7a85-726a-4d18-abef-59f2a43aa16d ipv6-private-subnet
openstack --os-cloud devstack-admin --os-region RegionOne extension list --network -c Alias -f value
openstack --os-cloud devstack-admin --os-region RegionOne extension list --network -c Alias -f value
openstack --os-cloud devstack-admin --os-region RegionOne router create --project 6eaff7ecc1694fcd94532bad5f09e17f router1
openstack --os-cloud devstack-admin --os-region RegionOne extension list --network -c Alias -f value
openstack --os-cloud devstack-admin --os-region RegionOne network create public --external --default --provider-network-type flat --provider-physical-network public
openstack --os-cloud devstack-admin --os-region RegionOne router add subnet ff71a343-a4fb-4a6a-b7fc-f013566b31cc 26e240db-8cc9-4938-831a-5710d689426a
openstack --os-cloud devstack-admin --os-region RegionOne subnet create --ip-version 4 --network 6b28596f-738f-4a0d-9864-0183801cdd49 --subnet-range 172.24.4.0/24 --no-dhcp public-subnet
openstack --os-cloud devstack-admin --os-region RegionOne router set --external-gateway 6b28596f-738f-4a0d-9864-0183801cdd49 ff71a343-a4fb-4a6a-b7fc-f013566b31cc
openstack --os-cloud devstack-admin --os-region RegionOne port list -c 'Fixed IP Addresses' --device-owner network:router_gateway
openstack --os-cloud devstack-admin --os-region RegionOne router add subnet ff71a343-a4fb-4a6a-b7fc-f013566b31cc ebd2af8f-3450-49f4-abff-2d4577bc9b40
openstack --os-cloud devstack-admin --os-region RegionOne subnet create --ip-version 6 --gateway 2001:db8::2 --network 6b28596f-738f-4a0d-9864-0183801cdd49 --subnet-range 2001:db8::/64 --no-dhcp ipv6-public-subnet
openstack --os-cloud devstack-admin --os-region RegionOne port list -c 'Fixed IP Addresses'
openstack --os-region-name=RegionOne flavor list
openstack --os-region-name=RegionOne flavor create --id c1 --ram 256 --disk 0 --vcpus 1 cirros256
openstack --os-region-name=RegionOne flavor create --id d1 --ram 512 --disk 5 --vcpus 1 ds512M
openstack --os-region-name=RegionOne flavor create --id d2 --ram 1024 --disk 10 --vcpus 1 ds1G
openstack --os-region-name=RegionOne flavor create --id d3 --ram 2048 --disk 10 --vcpus 2 ds2G
openstack --os-region-name=RegionOne flavor create --id d4 --ram 4096 --disk 20 --vcpus 4 ds4G
openstack --os-region-name=RegionOne flavor list
openstack --os-region-name=RegionOne flavor create --id 1 --ram 512 --disk 1 --vcpus 1 m1.tiny
openstack --os-region-name=RegionOne flavor create --id 2 --ram 2048 --disk 20 --vcpus 1 m1.small
openstack --os-region-name=RegionOne flavor create --id 3 --ram 4096 --disk 40 --vcpus 2 m1.medium
openstack --os-region-name=RegionOne flavor create --id 4 --ram 8192 --disk 80 --vcpus 4 m1.large
openstack --os-region-name=RegionOne flavor create --id 5 --ram 16384 --disk 160 --vcpus 8 m1.xlarge
openstack project list --long --quote none -f csv
openstack user list --project 3b7952fbf71b43dabfc70008a5867ee8 --long --quote none -f csv
openstack user list --project 4ab2d9a426aa4ac19b49dee23aa40ace --long --quote none -f csv
openstack user list --project 554c828e8fd347e6be93c2e5e855fa1f --long --quote none -f csv
openstack user list --project 6965aef0648043b092b53506cc56a2fe --long --quote none -f csv
openstack user list --project 6eaff7ecc1694fcd94532bad5f09e17f --long --quote none -f csv
openstack user list --project 9436af9b90df46a6a45d243a295f7686 --long --quote none -f csv
openstack user list --project fe0c679d273a44ae9dc4f52fa3710416 --long --quote none -f csv
openstack network show private -c id -f value
openstack CLI instead.
openstack port delete f44258e5-8805-460e-9de7-a7cc1af501a8
openstack network set 056b7a85-726a-4d18-abef-59f2a43aa16d --share
openstack router show router1 -f value -c id
openstack image create ir-deploy-agent_ipmitool.kernel --public --disk-format=aki --container-format=aki
openstack image create ir-deploy-agent_ipmitool.initramfs --public --disk-format=ari --container-format=ari
openstack flavor create --ephemeral 0 --ram 1280 --disk 10 --vcpus 1 baremetal
openstack flavor set baremetal --property cpu_arch=x86_64
openstack hypervisor stats show -f value -c count
openstack hypervisor stats show -f value -c count
openstack hypervisor stats show -f value -c vcpus
openstack hypervisor stats show -f value -c vcpus
openstack hypervisor stats show -f value -c vcpus
openstack hypervisor stats show -f value -c vcpus
openstack hypervisor stats show -f value -c vcpus
openstack hypervisor stats show -f value -c vcpus
openstack hypervisor stats show -f value -c vcpus
openstack hypervisor stats show -f value -c vcpus
openstack hypervisor stats show -f value -c vcpus
openstack hypervisor stats show -f value -c vcpus
openstack hypervisor stats show -f value -c vcpus
openstack hypervisor stats show -f value -c vcpus
openstack hypervisor stats show -f value -c vcpus
openstack hypervisor stats show -f value -c vcpus
openstack hypervisor stats show -f value -c vcpus
openstack hypervisor stats show -f value -c vcpus
openstack hypervisor stats show -f value -c vcpus
openstack hypervisor stats show -f value -c vcpus
openstack hypervisor stats show -f value -c vcpus
openstack hypervisor stats show -f value -c vcpus
openstack hypervisor stats show -f value -c vcpus
openstack hypervisor stats show -f value -c vcpus
openstack hypervisor stats show -f value -c vcpus
openstack hypervisor stats show -f value -c vcpus
openstack hypervisor stats show -f value -c vcpus
openstack hypervisor stats show -f value -c vcpus
openstack complete
openstack image list --property status=active
openstack project list
openstack --os-cloud devstack-admin --os-region RegionOne extension list --network -c Alias -f value
openstack network show -f value -c id public
openstack flavor show baremetal -f value -c id
openstack image show cirros-0.3.5-x86_64-disk -f value -c id
openstack image show cirros-0.3.5-x86_64-disk -f value -c id
openstack image show cirros-0.3.5-x86_64-uec -f value -c id
