\BOOKMARK [1][-]{section.1}{sed编辑器基础知识}{}% 1
\BOOKMARK [2][-]{subsection.1.1}{sed编辑器的介绍}{section.1}% 2
\BOOKMARK [3][-]{subsubsection.1.1.1}{在命令行中定义编辑器命令}{subsection.1.1}% 3
\BOOKMARK [3][-]{subsubsection.1.1.2}{在命令行中使用多个编辑器命令}{subsection.1.1}% 4
\BOOKMARK [3][-]{subsubsection.1.1.3}{从文件读取编辑器命令}{subsection.1.1}% 5
\BOOKMARK [2][-]{subsection.1.2}{s命令的替换选项}{section.1}% 6
\BOOKMARK [3][-]{subsubsection.1.2.1}{替换标记}{subsection.1.2}% 7
\BOOKMARK [3][-]{subsubsection.1.2.2}{替换字符}{subsection.1.2}% 8
\BOOKMARK [2][-]{subsection.1.3}{行寻址}{section.1}% 9
\BOOKMARK [3][-]{subsubsection.1.3.1}{数字式行寻址}{subsection.1.3}% 10
\BOOKMARK [3][-]{subsubsection.1.3.2}{使用文本模式来行寻址}{subsection.1.3}% 11
\BOOKMARK [2][-]{subsection.1.4}{删除行命令d}{section.1}% 12
\BOOKMARK [2][-]{subsection.1.5}{插入文本命令i}{section.1}% 13
\BOOKMARK [2][-]{subsection.1.6}{附加文本命令a}{section.1}% 14
\BOOKMARK [2][-]{subsection.1.7}{更改行命令c}{section.1}% 15
\BOOKMARK [2][-]{subsection.1.8}{变换命令y}{section.1}% 16
\BOOKMARK [2][-]{subsection.1.9}{打印命令}{section.1}% 17
\BOOKMARK [2][-]{subsection.1.10}{写文件命令w}{section.1}% 18
\BOOKMARK [2][-]{subsection.1.11}{附加文件命令r}{section.1}% 19
\BOOKMARK [1][-]{section.2}{多行命令}{}% 20
\BOOKMARK [2][-]{subsection.2.1}{next命令}{section.2}% 21
\BOOKMARK [2][-]{subsection.2.2}{多行删除命令}{section.2}% 22
\BOOKMARK [2][-]{subsection.2.3}{多行打印命令}{section.2}% 23
\BOOKMARK [1][-]{section.3}{保留空间}{}% 24
\BOOKMARK [1][-]{section.4}{否定命令}{}% 25
\BOOKMARK [1][-]{section.5}{更改命令流}{}% 26
\BOOKMARK [2][-]{subsection.5.1}{分支命令}{section.5}% 27
\BOOKMARK [2][-]{subsection.5.2}{测试命令}{section.5}% 28
\BOOKMARK [1][-]{section.6}{模式替换}{}% 29
\BOOKMARK [2][-]{subsection.6.1}{与号&}{section.6}% 30
\BOOKMARK [2][-]{subsection.6.2}{替换个别单词}{section.6}% 31
\BOOKMARK [1][-]{section.7}{在脚本中使用sed}{}% 32
\BOOKMARK [2][-]{subsection.7.1}{使用包装器}{section.7}% 33
\BOOKMARK [2][-]{subsection.7.2}{重定向sed输出}{section.7}% 34
