\BOOKMARK [1][-]{section.1}{kvm环境的搭建}{}% 1
\BOOKMARK [2][-]{subsection.1.1}{搭建硬件环境}{section.1}% 2
\BOOKMARK [3][-]{subsubsection.1.1.1}{检查处理器是否支持VT技术}{subsection.1.1}% 3
\BOOKMARK [3][-]{subsubsection.1.1.2}{设置BIOS}{subsection.1.1}% 4
\BOOKMARK [2][-]{subsection.1.2}{安装KVM}{section.1}% 5
\BOOKMARK [3][-]{subsubsection.1.2.1}{下载KVM源代码}{subsection.1.2}% 6
\BOOKMARK [3][-]{subsubsection.1.2.2}{配置KVM}{subsection.1.2}% 7
\BOOKMARK [3][-]{subsubsection.1.2.3}{编译KVM}{subsection.1.2}% 8
\BOOKMARK [3][-]{subsubsection.1.2.4}{安装KVM}{subsection.1.2}% 9
\BOOKMARK [3][-]{subsubsection.1.2.5}{加载kvm和kvm_intel模块}{subsection.1.2}% 10
\BOOKMARK [2][-]{subsection.1.3}{安装qemu-kvm}{section.1}% 11
\BOOKMARK [3][-]{subsubsection.1.3.1}{下载qemu-kvm源代码}{subsection.1.3}% 12
\BOOKMARK [3][-]{subsubsection.1.3.2}{配置qemu-kvm}{subsection.1.3}% 13
\BOOKMARK [3][-]{subsubsection.1.3.3}{编译qemu-kvm}{subsection.1.3}% 14
\BOOKMARK [3][-]{subsubsection.1.3.4}{安装qemu-kvm}{subsection.1.3}% 15
\BOOKMARK [2][-]{subsection.1.4}{安装客户机}{section.1}% 16
\BOOKMARK [3][-]{subsubsection.1.4.1}{创建镜像文件}{subsection.1.4}% 17
\BOOKMARK [3][-]{subsubsection.1.4.2}{安装客户机}{subsection.1.4}% 18
\BOOKMARK [3][-]{subsubsection.1.4.3}{查看客户机}{subsection.1.4}% 19
\BOOKMARK [2][-]{subsection.1.5}{启动KVM客户机}{section.1}% 20
