\BOOKMARK [1][-]{section.1}{libvirt}{}% 1
\BOOKMARK [2][-]{subsection.1.1}{libvirt的介绍}{section.1}% 2
\BOOKMARK [2][-]{subsection.1.2}{libvirt的安装}{section.1}% 3
\BOOKMARK [2][-]{subsection.1.3}{libvirt和libvirtd的配置}{section.1}% 4
\BOOKMARK [3][-]{subsubsection.1.3.1}{libvirt的配置文件}{subsection.1.3}% 5
\BOOKMARK [3][-]{subsubsection.1.3.2}{libvirtd的配置}{subsection.1.3}% 6
\BOOKMARK [2][-]{subsection.1.4}{libvirt域的XML配置文件}{section.1}% 7
\BOOKMARK [3][-]{subsubsection.1.4.1}{CPU的配置}{subsection.1.4}% 8
\BOOKMARK [3][-]{subsubsection.1.4.2}{内存的配置}{subsection.1.4}% 9
\BOOKMARK [3][-]{subsubsection.1.4.3}{客户机启动的配置}{subsection.1.4}% 10
\BOOKMARK [3][-]{subsubsection.1.4.4}{网络的配置}{subsection.1.4}% 11
\BOOKMARK [3][-]{subsubsection.1.4.5}{存储的配置}{subsection.1.4}% 12
\BOOKMARK [3][-]{subsubsection.1.4.6}{其他配置简介}{subsection.1.4}% 13
\BOOKMARK [1][-]{section.2}{virsh}{}% 14
\BOOKMARK [2][-]{subsection.2.1}{virsh常用命令}{section.2}% 15
\BOOKMARK [3][-]{subsubsection.2.1.1}{域管理的命令}{subsection.2.1}% 16
\BOOKMARK [3][-]{subsubsection.2.1.2}{宿主机和Hypervisor的管理命令}{subsection.2.1}% 17
\BOOKMARK [3][-]{subsubsection.2.1.3}{网络的管理命令}{subsection.2.1}% 18
\BOOKMARK [3][-]{subsubsection.2.1.4}{存储池和存储卷的管理命令}{subsection.2.1}% 19
\BOOKMARK [3][-]{subsubsection.2.1.5}{其他常用命令}{subsection.2.1}% 20
\BOOKMARK [1][-]{section.3}{创建一个虚拟机}{}% 21
\BOOKMARK [2][-]{subsection.3.1}{制作虚拟机镜像}{section.3}% 22
\BOOKMARK [2][-]{subsection.3.2}{编写客户机配置文件}{section.3}% 23
\BOOKMARK [2][-]{subsection.3.3}{创建虚拟机}{section.3}% 24
\BOOKMARK [1][-]{section.4}{建立到Hypervisor的连接}{}% 25
\BOOKMARK [2][-]{subsection.4.1}{使用本地URI连接Hypervisor}{section.4}% 26
\BOOKMARK [2][-]{subsection.4.2}{使用远程URI连接Hypervisor}{section.4}% 27
\BOOKMARK [2][-]{subsection.4.3}{连接到Hypervisor的例子}{section.4}% 28
\BOOKMARK [1][-]{section.5}{libvirt\040API}{}% 29
\BOOKMARK [2][-]{subsection.5.1}{libvirt API的简介}{section.5}% 30
\BOOKMARK [3][-]{subsubsection.5.1.1}{连接Hypervisor的API}{subsection.5.1}% 31
\BOOKMARK [3][-]{subsubsection.5.1.2}{域管理的API}{subsection.5.1}% 32
\BOOKMARK [3][-]{subsubsection.5.1.3}{节点管理的API}{subsection.5.1}% 33
\BOOKMARK [3][-]{subsubsection.5.1.4}{网络管理的API}{subsection.5.1}% 34
\BOOKMARK [3][-]{subsubsection.5.1.5}{存储卷管理的API}{subsection.5.1}% 35
\BOOKMARK [3][-]{subsubsection.5.1.6}{存储池管理的API}{subsection.5.1}% 36
\BOOKMARK [2][-]{subsection.5.2}{使用libvirt API的例子}{section.5}% 37
\BOOKMARK [1][-]{section.6}{OpenStack的安装}{}% 38
