\BOOKMARK [1][-]{section.1}{8086汇编指令集}{}% 1
\BOOKMARK [2][-]{subsection.1.1}{aaa}{section.1}% 2
\BOOKMARK [2][-]{subsection.1.2}{adc}{section.1}% 3
\BOOKMARK [2][-]{subsection.1.3}{add}{section.1}% 4
\BOOKMARK [2][-]{subsection.1.4}{and}{section.1}% 5
\BOOKMARK [2][-]{subsection.1.5}{call}{section.1}% 6
\BOOKMARK [2][-]{subsection.1.6}{clc}{section.1}% 7
\BOOKMARK [2][-]{subsection.1.7}{cld}{section.1}% 8
\BOOKMARK [2][-]{subsection.1.8}{cli}{section.1}% 9
\BOOKMARK [2][-]{subsection.1.9}{cmc}{section.1}% 10
\BOOKMARK [2][-]{subsection.1.10}{cmp}{section.1}% 11
\BOOKMARK [2][-]{subsection.1.11}{cmps}{section.1}% 12
\BOOKMARK [2][-]{subsection.1.12}{dec}{section.1}% 13
\BOOKMARK [2][-]{subsection.1.13}{esc}{section.1}% 14
\BOOKMARK [2][-]{subsection.1.14}{hlt}{section.1}% 15
\BOOKMARK [2][-]{subsection.1.15}{idiv}{section.1}% 16
\BOOKMARK [2][-]{subsection.1.16}{imul}{section.1}% 17
\BOOKMARK [2][-]{subsection.1.17}{inc}{section.1}% 18
\BOOKMARK [2][-]{subsection.1.18}{int}{section.1}% 19
\BOOKMARK [2][-]{subsection.1.19}{iret}{section.1}% 20
\BOOKMARK [2][-]{subsection.1.20}{ja}{section.1}% 21
\BOOKMARK [2][-]{subsection.1.21}{jb}{section.1}% 22
\BOOKMARK [2][-]{subsection.1.22}{jcxz}{section.1}% 23
\BOOKMARK [2][-]{subsection.1.23}{je}{section.1}% 24
\BOOKMARK [2][-]{subsection.1.24}{jmp}{section.1}% 25
\BOOKMARK [2][-]{subsection.1.25}{jna}{section.1}% 26
\BOOKMARK [2][-]{subsection.1.26}{jnb}{section.1}% 27
\BOOKMARK [2][-]{subsection.1.27}{jne}{section.1}% 28
\BOOKMARK [2][-]{subsection.1.28}{lock}{section.1}% 29
\BOOKMARK [2][-]{subsection.1.29}{lods}{section.1}% 30
\BOOKMARK [2][-]{subsection.1.30}{loop}{section.1}% 31
\BOOKMARK [2][-]{subsection.1.31}{mov}{section.1}% 32
\BOOKMARK [2][-]{subsection.1.32}{movsb}{section.1}% 33
\BOOKMARK [2][-]{subsection.1.33}{movsw}{section.1}% 34
\BOOKMARK [2][-]{subsection.1.34}{nop}{section.1}% 35
\BOOKMARK [2][-]{subsection.1.35}{not}{section.1}% 36
\BOOKMARK [2][-]{subsection.1.36}{or}{section.1}% 37
\BOOKMARK [2][-]{subsection.1.37}{push}{section.1}% 38
\BOOKMARK [2][-]{subsection.1.38}{pop}{section.1}% 39
\BOOKMARK [2][-]{subsection.1.39}{pushf}{section.1}% 40
\BOOKMARK [2][-]{subsection.1.40}{rcl}{section.1}% 41
\BOOKMARK [2][-]{subsection.1.41}{rcr}{section.1}% 42
\BOOKMARK [2][-]{subsection.1.42}{rep}{section.1}% 43
\BOOKMARK [2][-]{subsection.1.43}{repe}{section.1}% 44
\BOOKMARK [2][-]{subsection.1.44}{repne}{section.1}% 45
\BOOKMARK [2][-]{subsection.1.45}{ret}{section.1}% 46
\BOOKMARK [2][-]{subsection.1.46}{retf}{section.1}% 47
\BOOKMARK [2][-]{subsection.1.47}{rol}{section.1}% 48
\BOOKMARK [2][-]{subsection.1.48}{ror}{section.1}% 49
\BOOKMARK [2][-]{subsection.1.49}{sal}{section.1}% 50
\BOOKMARK [2][-]{subsection.1.50}{sar}{section.1}% 51
\BOOKMARK [2][-]{subsection.1.51}{sbb}{section.1}% 52
\BOOKMARK [2][-]{subsection.1.52}{scas}{section.1}% 53
\BOOKMARK [2][-]{subsection.1.53}{shl}{section.1}% 54
\BOOKMARK [2][-]{subsection.1.54}{shr}{section.1}% 55
\BOOKMARK [2][-]{subsection.1.55}{stc}{section.1}% 56
\BOOKMARK [2][-]{subsection.1.56}{std}{section.1}% 57
\BOOKMARK [2][-]{subsection.1.57}{sti}{section.1}% 58
\BOOKMARK [2][-]{subsection.1.58}{stos}{section.1}% 59
\BOOKMARK [2][-]{subsection.1.59}{sub}{section.1}% 60
\BOOKMARK [2][-]{subsection.1.60}{test}{section.1}% 61
\BOOKMARK [2][-]{subsection.1.61}{wait}{section.1}% 62
\BOOKMARK [2][-]{subsection.1.62}{xchg}{section.1}% 63
\BOOKMARK [2][-]{subsection.1.63}{xor}{section.1}% 64
