\BOOKMARK [0][-]{chapter.1}{进程}{}% 1
\BOOKMARK [1][-]{section.1.1}{形成进程的必要考虑}{chapter.1}% 2
\BOOKMARK [1][-]{section.1.2}{最简单的进程}{chapter.1}% 3
\BOOKMARK [2][-]{subsection.1.2.1}{简单进程中的关键技术}{section.1.2}% 4
\BOOKMARK [1][-]{section.1.3}{从ring0到ring1}{chapter.1}% 5
\BOOKMARK [2][-]{subsection.1.3.1}{时钟中断处理程序}{section.1.3}% 6
\BOOKMARK [2][-]{subsection.1.3.2}{进程表、进程体、GDT、TSS}{section.1.3}% 7
\BOOKMARK [2][-]{subsection.1.3.3}{一个简单的进程执行体}{section.1.3}% 8
\BOOKMARK [2][-]{subsection.1.3.4}{定义进程表}{section.1.3}% 9
\BOOKMARK [2][-]{subsection.1.3.5}{初始化GDT表中的LDT描述符}{section.1.3}% 10
\BOOKMARK [2][-]{subsection.1.3.6}{初始化GDT表中的TSS}{section.1.3}% 11
\BOOKMARK [2][-]{subsection.1.3.7}{实现从ring0到ring1}{section.1.3}% 12
\BOOKMARK [2][-]{subsection.1.3.8}{总结}{section.1.3}% 13
\BOOKMARK [1][-]{section.1.4}{丰富中断处理程序}{chapter.1}% 14
\BOOKMARK [2][-]{subsection.1.4.1}{让时钟中断开始起作用}{section.1.4}% 15
\BOOKMARK [2][-]{subsection.1.4.2}{现场的保护与恢复}{section.1.4}% 16
\BOOKMARK [2][-]{subsection.1.4.3}{赋值TSS中的esp0}{section.1.4}% 17
\BOOKMARK [2][-]{subsection.1.4.4}{内核栈}{section.1.4}% 18
\BOOKMARK [1][-]{section.1.5}{多进程}{chapter.1}% 19
\BOOKMARK [2][-]{subsection.1.5.1}{添加一个进程体}{section.1.5}% 20
\BOOKMARK [2][-]{subsection.1.5.2}{相关的变量和宏}{section.1.5}% 21
\BOOKMARK [2][-]{subsection.1.5.3}{初始化进程表}{section.1.5}% 22
\BOOKMARK [2][-]{subsection.1.5.4}{初始化LDT}{section.1.5}% 23
\BOOKMARK [2][-]{subsection.1.5.5}{修改中断处理程序}{section.1.5}% 24
\BOOKMARK [2][-]{subsection.1.5.6}{添加一个任务的步骤总结}{section.1.5}% 25
\BOOKMARK [1][-]{section.1.6}{Minix的中断处理}{chapter.1}% 26
\BOOKMARK [2][-]{subsection.1.6.1}{对minix代码的学习}{section.1.6}% 27
\BOOKMARK [2][-]{subsection.1.6.2}{实现进程需要的步骤}{section.1.6}% 28
