\BOOKMARK [1][-]{section.1}{半虚拟化驱动}{}% 1
\BOOKMARK [2][-]{subsection.1.1}{QEMU模拟I/O设备的基本原理}{section.1}% 2
\BOOKMARK [2][-]{subsection.1.2}{virtio的介绍}{section.1}% 3
\BOOKMARK [3][-]{subsubsection.1.2.1}{virtio_balloon的介绍}{subsection.1.2}% 4
\BOOKMARK [3][-]{subsubsection.1.2.2}{virtio_net的介绍}{subsection.1.2}% 5
\BOOKMARK [3][-]{subsubsection.1.2.3}{virtio_blk的介绍}{subsection.1.2}% 6
\BOOKMARK [3][-]{subsubsection.1.2.4}{kvm_clock的介绍}{subsection.1.2}% 7
\BOOKMARK [1][-]{section.2}{PCI设备直接分配}{}% 8
\BOOKMARK [2][-]{subsection.2.1}{VT-d环境配置}{section.2}% 9
\BOOKMARK [2][-]{subsection.2.2}{SR-IOV技术}{section.2}% 10
\BOOKMARK [1][-]{section.3}{热拔插}{}% 11
\BOOKMARK [2][-]{subsection.3.1}{PCI设备的热拔插}{section.3}% 12
\BOOKMARK [1][-]{section.4}{动态迁移}{}% 13
\BOOKMARK [2][-]{subsection.4.1}{虚拟化环境中的迁移}{section.4}% 14
\BOOKMARK [2][-]{subsection.4.2}{动态迁移的应用场景}{section.4}% 15
\BOOKMARK [2][-]{subsection.4.3}{KVM动态迁移原理}{section.4}% 16
\BOOKMARK [3][-]{subsubsection.4.3.1}{基于共享存储系统的动态迁移的原理}{subsection.4.3}% 17
\BOOKMARK [3][-]{subsubsection.4.3.2}{动态迁移的注意事项}{subsection.4.3}% 18
\BOOKMARK [3][-]{subsubsection.4.3.3}{实现基于共享存储系统的动态迁移}{subsection.4.3}% 19
\BOOKMARK [3][-]{subsubsection.4.3.4}{实现使用相同后端镜像文件的动态迁移}{subsection.4.3}% 20
\BOOKMARK [1][-]{section.5}{嵌套虚拟化}{}% 21
\BOOKMARK [1][-]{section.6}{KSM技术}{}% 22
\BOOKMARK [1][-]{section.7}{KVM安全}{}% 23
\BOOKMARK [1][-]{section.8}{QEMU监控器}{}% 24
\BOOKMARK [1][-]{section.9}{qemu-kvm命令行参数}{}% 25
\BOOKMARK [1][-]{section.10}{迁移到KVM虚拟化环境}{}% 26
