\BOOKMARK [1][-]{section.1}{进入内核前的准备}{}% 1
\BOOKMARK [2][-]{subsection.1.1}{跳入保护模式}{section.1}% 2
\BOOKMARK [2][-]{subsection.1.2}{开启分页机制}{section.1}% 3
\BOOKMARK [2][-]{subsection.1.3}{重新放置内核}{section.1}% 4
\BOOKMARK [3][-]{subsubsection.1.3.1}{program\040header\040table}{subsection.1.3}% 5
\BOOKMARK [2][-]{subsection.1.4}{重新放置内核}{section.1}% 6
\BOOKMARK [2][-]{subsection.1.5}{进入内核}{section.1}% 7
\BOOKMARK [1][-]{section.2}{内核雏形}{}% 8
\BOOKMARK [2][-]{subsection.2.1}{定义相关的数据结构和数据类型}{section.2}% 9
\BOOKMARK [2][-]{subsection.2.2}{C与汇编程序的相互调用}{section.2}% 10
\BOOKMARK [3][-]{subsubsection.2.2.1}{在汇编程序中调用C函数}{subsection.2.2}% 11
\BOOKMARK [3][-]{subsubsection.2.2.2}{在C程序中调用汇编函数}{subsection.2.2}% 12
\BOOKMARK [2][-]{subsection.2.3}{移动GDT到内核}{section.2}% 13
\BOOKMARK [3][-]{subsubsection.2.3.1}{memcpy函数}{subsection.2.3}% 14
\BOOKMARK [3][-]{subsubsection.2.3.2}{移动GDT}{subsection.2.3}% 15
\BOOKMARK [2][-]{subsection.2.4}{显示字符串的函数disp_str\(\)}{section.2}% 16
\BOOKMARK [1][-]{section.3}{kvm环境的搭建}{}% 17
\BOOKMARK [2][-]{subsection.3.1}{搭建硬件环境}{section.3}% 18
\BOOKMARK [3][-]{subsubsection.3.1.1}{检查处理器是否支持VT技术}{subsection.3.1}% 19
\BOOKMARK [3][-]{subsubsection.3.1.2}{设置BIOS}{subsection.3.1}% 20
\BOOKMARK [2][-]{subsection.3.2}{安装KVM}{section.3}% 21
\BOOKMARK [3][-]{subsubsection.3.2.1}{下载KVM源代码}{subsection.3.2}% 22
\BOOKMARK [3][-]{subsubsection.3.2.2}{配置KVM}{subsection.3.2}% 23
\BOOKMARK [3][-]{subsubsection.3.2.3}{编译KVM}{subsection.3.2}% 24
\BOOKMARK [3][-]{subsubsection.3.2.4}{安装KVM}{subsection.3.2}% 25
\BOOKMARK [3][-]{subsubsection.3.2.5}{加载kvm和kvm_intel模块}{subsection.3.2}% 26
\BOOKMARK [2][-]{subsection.3.3}{安装qemu-kvm}{section.3}% 27
\BOOKMARK [3][-]{subsubsection.3.3.1}{下载qemu-kvm源代码}{subsection.3.3}% 28
\BOOKMARK [3][-]{subsubsection.3.3.2}{配置qemu-kvm}{subsection.3.3}% 29
\BOOKMARK [3][-]{subsubsection.3.3.3}{编译qemu-kvm}{subsection.3.3}% 30
\BOOKMARK [3][-]{subsubsection.3.3.4}{安装qemu-kvm}{subsection.3.3}% 31
\BOOKMARK [2][-]{subsection.3.4}{安装客户机}{section.3}% 32
\BOOKMARK [3][-]{subsubsection.3.4.1}{创建镜像文件}{subsection.3.4}% 33
\BOOKMARK [3][-]{subsubsection.3.4.2}{安装客户机}{subsection.3.4}% 34
\BOOKMARK [3][-]{subsubsection.3.4.3}{查看客户机}{subsection.3.4}% 35
\BOOKMARK [2][-]{subsection.3.5}{启动KVM客户机}{section.3}% 36
\BOOKMARK [1][-]{section.4}{CPU配置}{}% 37
\BOOKMARK [2][-]{subsection.4.1}{-smp参数项}{section.4}% 38
\BOOKMARK [2][-]{subsection.4.2}{查看cpu配置}{section.4}% 39
\BOOKMARK [3][-]{subsubsection.4.2.1}{在客户机中查看cpu信息}{subsection.4.2}% 40
\BOOKMARK [3][-]{subsubsection.4.2.2}{使用qemu监控客户机cpu信息}{subsection.4.2}% 41
\BOOKMARK [2][-]{subsection.4.3}{-cpu参数项}{section.4}% 42
\BOOKMARK [2][-]{subsection.4.4}{vCPU的绑定}{section.4}% 43
\BOOKMARK [3][-]{subsubsection.4.4.1}{隔离宿主机CPU}{subsection.4.4}% 44
\BOOKMARK [3][-]{subsubsection.4.4.2}{绑定客户机vCPU}{subsection.4.4}% 45
\BOOKMARK [1][-]{section.5}{内存配置}{}% 46
\BOOKMARK [2][-]{subsection.5.1}{-m参数项}{section.5}% 47
\BOOKMARK [2][-]{subsection.5.2}{查看内存信息}{section.5}% 48
\BOOKMARK [2][-]{subsection.5.3}{EPT扩展页表}{section.5}% 49
\BOOKMARK [2][-]{subsection.5.4}{-mem-path参数项}{section.5}% 50
