\BOOKMARK [1][-]{section.1}{第一个Java程序}{}% 1
\BOOKMARK [2][-]{subsection.1.1}{名字管理}{section.1}% 2
\BOOKMARK [2][-]{subsection.1.2}{static关键字}{section.1}% 3
\BOOKMARK [2][-]{subsection.1.3}{Hello\040world}{section.1}% 4
\BOOKMARK [2][-]{subsection.1.4}{编码风格}{section.1}% 5
\BOOKMARK [1][-]{section.2}{初始化与清理}{}% 6
\BOOKMARK [2][-]{subsection.2.1}{初始化}{section.2}% 7
\BOOKMARK [2][-]{subsection.2.2}{this关键字}{section.2}% 8
\BOOKMARK [3][-]{subsubsection.2.2.1}{利用this调用构造器}{subsection.2.2}% 9
\BOOKMARK [2][-]{subsection.2.3}{成员初始化}{section.2}% 10
\BOOKMARK [3][-]{subsubsection.2.3.1}{使用构造器进行初始化}{subsection.2.3}% 11
\BOOKMARK [3][-]{subsubsection.2.3.2}{显式的静态初始化}{subsection.2.3}% 12
\BOOKMARK [3][-]{subsubsection.2.3.3}{数组初始化}{subsection.2.3}% 13
\BOOKMARK [2][-]{subsection.2.4}{清理}{section.2}% 14
\BOOKMARK [3][-]{subsubsection.2.4.1}{finalize函数的用途}{subsection.2.4}% 15
\BOOKMARK [3][-]{subsubsection.2.4.2}{垃圾回收器的工作机制}{subsection.2.4}% 16
\BOOKMARK [1][-]{section.3}{访问权限控制}{}% 17
\BOOKMARK [2][-]{subsection.3.1}{包:库单元}{section.3}% 18
\BOOKMARK [2][-]{subsection.3.2}{Java访问权限修饰词}{section.3}% 19
\BOOKMARK [3][-]{subsubsection.3.2.1}{包访问权限}{subsection.3.2}% 20
\BOOKMARK [3][-]{subsubsection.3.2.2}{public访问权限}{subsection.3.2}% 21
\BOOKMARK [3][-]{subsubsection.3.2.3}{private访问权限}{subsection.3.2}% 22
\BOOKMARK [3][-]{subsubsection.3.2.4}{protected访问权限}{subsection.3.2}% 23
\BOOKMARK [2][-]{subsection.3.3}{public类}{section.3}% 24
\BOOKMARK [1][-]{section.4}{复用类}{}% 25
\BOOKMARK [2][-]{subsection.4.1}{类的组合}{section.4}% 26
\BOOKMARK [2][-]{subsection.4.2}{类的继承}{section.4}% 27
\BOOKMARK [3][-]{subsubsection.4.2.1}{基类的初始化}{subsection.4.2}% 28
\BOOKMARK [3][-]{subsubsection.4.2.2}{名称屏蔽}{subsection.4.2}% 29
\BOOKMARK [3][-]{subsubsection.4.2.3}{向上转型}{subsection.4.2}% 30
\BOOKMARK [3][-]{subsubsection.4.2.4}{继承技术的用途}{subsection.4.2}% 31
\BOOKMARK [2][-]{subsection.4.3}{final关键字}{section.4}% 32
\BOOKMARK [3][-]{subsubsection.4.3.1}{final数据}{subsection.4.3}% 33
\BOOKMARK [3][-]{subsubsection.4.3.2}{final函数}{subsection.4.3}% 34
\BOOKMARK [3][-]{subsubsection.4.3.3}{final类}{subsection.4.3}% 35
\BOOKMARK [1][-]{section.5}{多态}{}% 36
\BOOKMARK [2][-]{subsection.5.1}{绑定}{section.5}% 37
\BOOKMARK [2][-]{subsection.5.2}{多态的缺陷}{section.5}% 38
\BOOKMARK [3][-]{subsubsection.5.2.1}{private函数无法动态绑定}{subsection.5.2}% 39
\BOOKMARK [3][-]{subsubsection.5.2.2}{域无法动态绑定}{subsection.5.2}% 40
\BOOKMARK [2][-]{subsection.5.3}{协变返回类型}{section.5}% 41
