\BOOKMARK [1][-]{section.1}{应用层协议原理}{}% 1
\BOOKMARK [2][-]{subsection.1.1}{网络应用程序体系结构}{section.1}% 2
\BOOKMARK [3][-]{subsubsection.1.1.1}{客户-服务器体系结构}{subsection.1.1}% 3
\BOOKMARK [3][-]{subsubsection.1.1.2}{P2P体系结构}{subsection.1.1}% 4
\BOOKMARK [2][-]{subsection.1.2}{进程通信}{section.1}% 5
\BOOKMARK [3][-]{subsubsection.1.2.1}{客户和服务器进程}{subsection.1.2}% 6
\BOOKMARK [3][-]{subsubsection.1.2.2}{进程与计算机网络之间的接口}{subsection.1.2}% 7
\BOOKMARK [3][-]{subsubsection.1.2.3}{进程寻址}{subsection.1.2}% 8
\BOOKMARK [2][-]{subsection.1.3}{可供应用程序使用的运输服务}{section.1}% 9
\BOOKMARK [3][-]{subsubsection.1.3.1}{可靠数据传输}{subsection.1.3}% 10
\BOOKMARK [3][-]{subsubsection.1.3.2}{吞吐量}{subsection.1.3}% 11
\BOOKMARK [3][-]{subsubsection.1.3.3}{定时}{subsection.1.3}% 12
\BOOKMARK [3][-]{subsubsection.1.3.4}{安全性}{subsection.1.3}% 13
\BOOKMARK [2][-]{subsection.1.4}{因特网提供的运输服务}{section.1}% 14
\BOOKMARK [3][-]{subsubsection.1.4.1}{TCP服务}{subsection.1.4}% 15
\BOOKMARK [3][-]{subsubsection.1.4.2}{UDP服务}{subsection.1.4}% 16
\BOOKMARK [2][-]{subsection.1.5}{应用层协议}{section.1}% 17
\BOOKMARK [1][-]{section.2}{Web和HTTP}{}% 18
\BOOKMARK [2][-]{subsection.2.1}{HTTP概况}{section.2}% 19
\BOOKMARK [3][-]{subsubsection.2.1.1}{一些web术语}{subsection.2.1}% 20
\BOOKMARK [3][-]{subsubsection.2.1.2}{HTTP的作用}{subsection.2.1}% 21
\BOOKMARK [3][-]{subsubsection.2.1.3}{无状态协议}{subsection.2.1}% 22
\BOOKMARK [2][-]{subsection.2.2}{请求html文件的时间}{section.2}% 23
\BOOKMARK [2][-]{subsection.2.3}{非持续连接和持续连接}{section.2}% 24
\BOOKMARK [3][-]{subsubsection.2.3.1}{非持续连接的HTTP}{subsection.2.3}% 25
\BOOKMARK [3][-]{subsubsection.2.3.2}{持续连接的HTTP}{subsection.2.3}% 26
\BOOKMARK [2][-]{subsection.2.4}{HTTP报文格式}{section.2}% 27
\BOOKMARK [3][-]{subsubsection.2.4.1}{HTTP请求报文}{subsection.2.4}% 28
\BOOKMARK [3][-]{subsubsection.2.4.2}{HTTP响应报文}{subsection.2.4}% 29
\BOOKMARK [2][-]{subsection.2.5}{用户与服务器的交互}{section.2}% 30
\BOOKMARK [2][-]{subsection.2.6}{Web缓存器}{section.2}% 31
\BOOKMARK [2][-]{subsection.2.7}{条件GET方法}{section.2}% 32
\BOOKMARK [1][-]{section.3}{文件传输协议：FTP}{}% 33
\BOOKMARK [2][-]{subsection.3.1}{FTP命令和回答}{section.3}% 34
\BOOKMARK [1][-]{section.4}{因特网中的电子邮件}{}% 35
\BOOKMARK [2][-]{subsection.4.1}{简单邮件传输协议SMTP}{section.4}% 36
\BOOKMARK [2][-]{subsection.4.2}{邮件报文格式}{section.4}% 37
\BOOKMARK [2][-]{subsection.4.3}{邮件访问协议}{section.4}% 38
\BOOKMARK [3][-]{subsubsection.4.3.1}{POP3}{subsection.4.3}% 39
\BOOKMARK [3][-]{subsubsection.4.3.2}{IMAP}{subsection.4.3}% 40
