\BOOKMARK [1][-]{section.1}{实现引导扇区}{}% 1
\BOOKMARK [2][-]{subsection.1.1}{引导扇区格式}{section.1}% 2
\BOOKMARK [2][-]{subsection.1.2}{加载Loader进入内存}{section.1}% 3
\BOOKMARK [3][-]{subsubsection.1.2.1}{寻找Loader的目录条目}{subsection.1.2}% 4
\BOOKMARK [3][-]{subsubsection.1.2.2}{寻找FAT项}{subsection.1.2}% 5
\BOOKMARK [3][-]{subsubsection.1.2.3}{加载Loader}{subsection.1.2}% 6
\BOOKMARK [3][-]{subsubsection.1.2.4}{执行Loader模块的代码}{subsection.1.2}% 7
\BOOKMARK [2][-]{subsection.1.3}{引导扇区完整的实现代码}{section.1}% 8
\BOOKMARK [1][-]{section.2}{汇编与C混合编程}{}% 9
\BOOKMARK [1][-]{section.3}{ELF文件}{}% 10
\BOOKMARK [2][-]{subsection.3.1}{文件格式}{section.3}% 11
\BOOKMARK [3][-]{subsubsection.3.1.1}{数据表示}{subsection.3.1}% 12
\BOOKMARK [2][-]{subsection.3.2}{ELF\040header}{section.3}% 13
\BOOKMARK [3][-]{subsubsection.3.2.1}{ELF鉴别}{subsection.3.2}% 14
\BOOKMARK [3][-]{subsubsection.3.2.2}{程序头}{subsection.3.2}% 15
\BOOKMARK [2][-]{subsection.3.3}{Sections}{section.3}% 16
\BOOKMARK [3][-]{subsubsection.3.3.1}{Section\040header}{subsection.3.3}% 17
OOKMARK [3][-]{subsubsection.3.3.3}{sh_flags}{subsection.3.3}% 18
\BOOKMARK [3][-]{subsubsection.3.3.4}{特殊的节}{subsection.3.3}% 19
\BOOKMARK [2][-]{subsection.3.4}{字符串表}{section.3}% 20
\BOOKMARK [2][-]{subsection.3.5}{符号表}{section.3}% 21
\BOOKMARK [3][-]{subsubsection.3.5.1}{st_info}{subsection.3.5}% 22
\BOOKMARK [3][-]{subsubsection.3.5.2}{st_shndx}{subsection.3.5}% 23
\BOOKMARK [3][-]{subsubsection.3.5.3}{st_value}{subsection.3.5}% 24
\BOOKMARK [3][-]{subsubsection.3.5.4}{符号表的0索引}{subsection.3.5}% 25
\BOOKMARK [2][-]{subsection.3.6}{重定位}{section.3}% 26
\BOOKMARK [3][-]{subsubsection.3.6.1}{一些约定符号}{subsection.3.6}% 27
\BOOKMARK [3][-]{subsubsection.3.6.2}{重定位类型}{subsection.3.6}% 28
\BOOKMARK [2][-]{subsection.3.7}{Program\040header}{section.3}% 29
\BOOKMARK [2][-]{subsection.3.8}{程序装载}{section.3}% 30
\BOOKMARK [2][-]{subsection.3.9}{动态链接}{section.3}% 31
\BOOKMARK [1][-]{section.4}{实现内核雏形}{}% 32
