\BOOKMARK [1][-]{section.1}{if-then语句}{}% 1
\BOOKMARK [1][-]{section.2}{if-then-else语句}{}% 2
\BOOKMARK [1][-]{section.3}{嵌套if语句}{}% 3
\BOOKMARK [1][-]{section.4}{test语句}{}% 4
\BOOKMARK [2][-]{subsection.4.1}{数值比较}{section.4}% 5
\BOOKMARK [2][-]{subsection.4.2}{字符串比较}{section.4}% 6
\BOOKMARK [2][-]{subsection.4.3}{文本比较}{section.4}% 7
\BOOKMARK [1][-]{section.5}{复合条件检查}{}% 8
\BOOKMARK [1][-]{section.6}{if-then的高级特征}{}% 9
\BOOKMARK [2][-]{subsection.6.1}{使用双圆括号}{section.6}% 10
\BOOKMARK [2][-]{subsection.6.2}{使用双方括号}{section.6}% 11
\BOOKMARK [1][-]{section.7}{case命令}{}% 12
\BOOKMARK [1][-]{section.8}{for命令}{}% 13
\BOOKMARK [1][-]{section.9}{C式的for命令}{}% 14
\BOOKMARK [1][-]{section.10}{while命令}{}% 15
\BOOKMARK [1][-]{section.11}{until命令}{}% 16
\BOOKMARK [1][-]{section.12}{文件数据的循环}{}% 17
\BOOKMARK [1][-]{section.13}{控制循环}{}% 18
\BOOKMARK [2][-]{subsection.13.1}{break命令}{section.13}% 19
\BOOKMARK [2][-]{subsection.13.2}{continue命令}{section.13}% 20
\BOOKMARK [1][-]{section.14}{处理循环的输出}{}% 21
