\BOOKMARK [1][-]{section.1}{存储配置}{}% 1
\BOOKMARK [2][-]{subsection.1.1}{与存储相关的参数项}{section.1}% 2
\BOOKMARK [2][-]{subsection.1.2}{-drive参数项}{section.1}% 3
\BOOKMARK [2][-]{subsection.1.3}{-boot参数项}{section.1}% 4
\BOOKMARK [2][-]{subsection.1.4}{查看存储设备的信息}{section.1}% 5
\BOOKMARK [2][-]{subsection.1.5}{qemu-img工具}{section.1}% 6
\BOOKMARK [1][-]{section.2}{网络配置}{}% 7
\BOOKMARK [2][-]{subsection.2.1}{-net参数项}{section.2}% 8
\BOOKMARK [2][-]{subsection.2.2}{查看网卡的信息}{section.2}% 9
\BOOKMARK [2][-]{subsection.2.3}{使用网桥模式}{section.2}% 10
\BOOKMARK [2][-]{subsection.2.4}{使用NAT模式}{section.2}% 11
\BOOKMARK [2][-]{subsection.2.5}{使用用户模式}{section.2}% 12
\BOOKMARK [2][-]{subsection.2.6}{本部分学习内容总结}{section.2}% 13
\BOOKMARK [1][-]{section.3}{半虚拟化驱动}{}% 14
\BOOKMARK [2][-]{subsection.3.1}{QEMU模拟I/O设备的基本原理}{section.3}% 15
\BOOKMARK [2][-]{subsection.3.2}{virtio的介绍}{section.3}% 16
\BOOKMARK [3][-]{subsubsection.3.2.1}{virtio_balloon的介绍}{subsection.3.2}% 17
\BOOKMARK [3][-]{subsubsection.3.2.2}{virtio_net的介绍}{subsection.3.2}% 18
\BOOKMARK [3][-]{subsubsection.3.2.3}{virtio_blk的介绍}{subsection.3.2}% 19
\BOOKMARK [3][-]{subsubsection.3.2.4}{kvm_clock的介绍}{subsection.3.2}% 20
\BOOKMARK [1][-]{section.4}{PCI设备直接分配}{}% 21
\BOOKMARK [2][-]{subsection.4.1}{VT-d环境配置}{section.4}% 22
\BOOKMARK [2][-]{subsection.4.2}{SR-IOV技术}{section.4}% 23
\BOOKMARK [1][-]{section.5}{热拔插}{}% 24
\BOOKMARK [2][-]{subsection.5.1}{PCI设备的热拔插}{section.5}% 25
\BOOKMARK [1][-]{section.6}{动态迁移}{}% 26
\BOOKMARK [2][-]{subsection.6.1}{虚拟化环境中的迁移}{section.6}% 27
\BOOKMARK [2][-]{subsection.6.2}{动态迁移的应用场景}{section.6}% 28
\BOOKMARK [2][-]{subsection.6.3}{KVM动态迁移原理}{section.6}% 29
\BOOKMARK [3][-]{subsubsection.6.3.1}{基于共享存储系统的动态迁移的原理}{subsection.6.3}% 30
\BOOKMARK [3][-]{subsubsection.6.3.2}{动态迁移的注意事项}{subsection.6.3}% 31
\BOOKMARK [3][-]{subsubsection.6.3.3}{实现基于共享存储系统的动态迁移}{subsection.6.3}% 32
\BOOKMARK [3][-]{subsubsection.6.3.4}{实现使用相同后端镜像文件的动态迁移}{subsection.6.3}% 33
\BOOKMARK [3][-]{subsubsection.6.3.5}{实现直接复制客户机磁盘镜像的动态迁移}{subsection.6.3}% 34
\BOOKMARK [2][-]{subsection.6.4}{动态迁移的相关命令}{section.6}% 35
\BOOKMARK [1][-]{section.7}{嵌套虚拟化}{}% 36
\BOOKMARK [2][-]{subsection.7.1}{嵌套虚拟化的介绍}{section.7}% 37
\BOOKMARK [2][-]{subsection.7.2}{KVM嵌套KVM}{section.7}% 38
\BOOKMARK [1][-]{section.8}{KSM技术}{}% 39
\BOOKMARK [2][-]{subsection.8.1}{KSM技术的介绍}{section.8}% 40
\BOOKMARK [2][-]{subsection.8.2}{查看系统中的KSM技术}{section.8}% 41
\BOOKMARK [1][-]{section.9}{KVM其他特性简介}{}% 42
\BOOKMARK [2][-]{subsection.9.1}{1GB大页}{section.9}% 43
\BOOKMARK [2][-]{subsection.9.2}{透明大页}{section.9}% 44
\BOOKMARK [2][-]{subsection.9.3}{暴露宿主机CPU特性}{section.9}% 45
\BOOKMARK [1][-]{section.10}{QEMU监控器}{}% 46
\BOOKMARK [1][-]{section.11}{qemu-kvm命令行参数}{}% 47
\BOOKMARK [2][-]{subsection.11.1}{与配置客户机相关的参数}{section.11}% 48
\BOOKMARK [2][-]{subsection.11.2}{与调试相关的参数}{section.11}% 49
\BOOKMARK [1][-]{section.12}{迁移到KVM虚拟化环境}{}% 50
\BOOKMARK [2][-]{subsection.12.1}{从一种虚拟化迁移到另一种虚拟化}{section.12}% 51
\BOOKMARK [2][-]{subsection.12.2}{从VMware迁移到KVM}{section.12}% 52
\BOOKMARK [3][-]{subsubsection.12.2.1}{借助virt-v2v工具实现迁移}{subsection.12.2}% 53
\BOOKMARK [3][-]{subsubsection.12.2.2}{通过复制客户机镜像实现迁移}{subsection.12.2}% 54
\BOOKMARK [2][-]{subsection.12.3}{从VirtualBox迁移到KVM}{section.12}% 55
\BOOKMARK [2][-]{subsection.12.4}{从物理机迁移到KVM虚拟化环境}{section.12}% 56
