\BOOKMARK [1][-]{section.1}{前言}{}% 1
\BOOKMARK [1][-]{section.2}{nova创建虚拟机时对libvirt的调用}{}% 2
\BOOKMARK [2][-]{subsection.2.1}{创建镜像}{section.2}% 3
\BOOKMARK [2][-]{subsection.2.2}{创建xml配置文件}{section.2}% 4
\BOOKMARK [2][-]{subsection.2.3}{创建虚拟机的函数}{section.2}% 5
\BOOKMARK [1][-]{section.3}{nova冷迁移扩容时对libvirt的调用}{}% 6
\BOOKMARK [2][-]{subsection.3.1}{nova冷迁移扩容的流程介绍}{section.3}% 7
\BOOKMARK [2][-]{subsection.3.2}{源主机上的操作}{section.3}% 8
\BOOKMARK [3][-]{subsubsection.3.2.1}{预备知识：虚拟机的后端镜像和增量镜像}{subsection.3.2}% 9
\BOOKMARK [3][-]{subsubsection.3.2.2}{migrate_disk_and_power_off函数}{subsection.3.2}% 10
\BOOKMARK [3][-]{subsubsection.3.2.3}{关闭虚拟机}{subsection.3.2}% 11
\BOOKMARK [3][-]{subsubsection.3.2.4}{迁移镜像文件}{subsection.3.2}% 12
\BOOKMARK [3][-]{subsubsection.3.2.5}{源主机上冷迁移过程总结}{subsection.3.2}% 13
\BOOKMARK [2][-]{subsection.3.3}{目的主机上的操作}{section.3}% 14
\BOOKMARK [3][-]{subsubsection.3.3.1}{finish_migration函数}{subsection.3.3}% 15
\BOOKMARK [3][-]{subsubsection.3.3.2}{对虚拟机进行扩容}{subsection.3.3}% 16
\BOOKMARK [3][-]{subsubsection.3.3.3}{目的主机上冷迁移过程总结}{subsection.3.3}% 17
\BOOKMARK [1][-]{section.4}{nova在线迁移时对libvirt的调用}{}% 18
\BOOKMARK [2][-]{subsection.4.1}{nova在线迁移的流程介绍}{section.4}% 19
\BOOKMARK [2][-]{subsection.4.2}{目的主机上的操作}{section.4}% 20
\BOOKMARK [3][-]{subsubsection.4.2.1}{pre_live_migration函数}{subsection.4.2}% 21
\BOOKMARK [3][-]{subsubsection.4.2.2}{准备相关的镜像文件}{subsection.4.2}% 22
\BOOKMARK [3][-]{subsubsection.4.2.3}{目的主机上在线迁移总结}{subsection.4.2}% 23
\BOOKMARK [2][-]{subsection.4.3}{源主机上的操作}{section.4}% 24
\BOOKMARK [3][-]{subsubsection.4.3.1}{live_migration函数}{subsection.4.3}% 25
\BOOKMARK [3][-]{subsubsection.4.3.2}{源主机上在线迁移过程总结}{subsection.4.3}% 26
\BOOKMARK [1][-]{section.5}{nova创建快照时对libvirt的调用}{}% 27
\BOOKMARK [2][-]{subsection.5.1}{获得虚拟机抽象对象}{section.5}% 28
\BOOKMARK [2][-]{subsection.5.2}{获得虚拟机磁盘路径}{section.5}% 29
\BOOKMARK [2][-]{subsection.5.3}{获得虚拟机磁盘类型}{section.5}% 30
\BOOKMARK [2][-]{subsection.5.4}{静态创建快照}{section.5}% 31
\BOOKMARK [2][-]{subsection.5.5}{动态创建快照}{section.5}% 32
\BOOKMARK [1][-]{section.6}{查看libvirt的python API}{}% 33
