\BOOKMARK [1][-]{section.1}{从Loader到内核}{}% 1
\BOOKMARK [2][-]{subsection.1.1}{加载内核到内存}{section.1}% 2
\BOOKMARK [1][-]{section.2}{跳入保护模式}{}% 3
\BOOKMARK [2][-]{subsection.2.1}{定义GDT表}{section.2}% 4
\BOOKMARK [2][-]{subsection.2.2}{进入保护模式}{section.2}% 5
\BOOKMARK [2][-]{subsection.2.3}{保护模式下的操作}{section.2}% 6
\BOOKMARK [3][-]{subsubsection.2.3.1}{初始化各个寄存器的值}{subsection.2.3}% 7
\BOOKMARK [3][-]{subsubsection.2.3.2}{获得可使用内存}{subsection.2.3}% 8
\BOOKMARK [3][-]{subsubsection.2.3.3}{打开分页机制}{subsection.2.3}% 9
\BOOKMARK [2][-]{subsection.2.4}{重新放置内核}{section.2}% 10
\BOOKMARK [3][-]{subsubsection.2.4.1}{内存复制函数}{subsection.2.4}% 11
\BOOKMARK [3][-]{subsubsection.2.4.2}{转移内核}{subsection.2.4}% 12
\BOOKMARK [1][-]{section.3}{扩充内核}{}% 13
\BOOKMARK [2][-]{subsection.3.1}{重新放置堆栈和GDT}{section.3}% 14
\BOOKMARK [2][-]{subsection.3.2}{打印字符的函数}{section.3}% 15
\BOOKMARK [2][-]{subsection.3.3}{使用makefile}{section.3}% 16
\BOOKMARK [3][-]{subsubsection.3.3.1}{makefile快速入门}{subsection.3.3}% 17
\BOOKMARK [3][-]{subsubsection.3.3.2}{编译当前代码的makefile}{subsection.3.3}% 18
\BOOKMARK [2][-]{subsection.3.4}{添加中断处理}{section.3}% 19
\BOOKMARK [3][-]{subsubsection.3.4.1}{初始化8259A}{subsection.3.4}% 20
\BOOKMARK [3][-]{subsubsection.3.4.2}{初始化IDT}{subsection.3.4}% 21
\BOOKMARK [3][-]{subsubsection.3.4.3}{添加中断处理}{subsection.3.4}% 22
\BOOKMARK [3][-]{subsubsection.3.4.4}{设置IDT}{subsection.3.4}% 23
\BOOKMARK [3][-]{subsubsection.3.4.5}{设置外部中断程序}{subsection.3.4}% 24
