\BOOKMARK [1][-]{section.1}{gawk程序的介绍}{}% 1
\BOOKMARK [2][-]{subsection.1.1}{gawk程序的基本格式}{section.1}% 2
\BOOKMARK [2][-]{subsection.1.2}{gawk程序的数据字段变量}{section.1}% 3
\BOOKMARK [2][-]{subsection.1.3}{在程序脚本中使用多个命令}{section.1}% 4
\BOOKMARK [2][-]{subsection.1.4}{在处理数据之前运行脚本}{section.1}% 5
\BOOKMARK [2][-]{subsection.1.5}{在处理数据之后运行脚本}{section.1}% 6
\BOOKMARK [1][-]{section.2}{使用变量}{}% 7
\BOOKMARK [2][-]{subsection.2.1}{内置变量}{section.2}% 8
\BOOKMARK [3][-]{subsubsection.2.1.1}{字段和记录分隔变量}{subsection.2.1}% 9
\BOOKMARK [3][-]{subsubsection.2.1.2}{数据变量}{subsection.2.1}% 10
\BOOKMARK [2][-]{subsection.2.2}{用户定义的变量}{section.2}% 11
\BOOKMARK [1][-]{section.3}{使用数组}{}% 12
\BOOKMARK [2][-]{subsection.3.1}{定义数组变量}{section.3}% 13
\BOOKMARK [2][-]{subsection.3.2}{在数组变量中遍历}{section.3}% 14
\BOOKMARK [2][-]{subsection.3.3}{删除数组变量}{section.3}% 15
\BOOKMARK [1][-]{section.4}{使用模式}{}% 16
\BOOKMARK [2][-]{subsection.4.1}{正则表达式}{section.4}% 17
\BOOKMARK [2][-]{subsection.4.2}{数学表达式}{section.4}% 18
\BOOKMARK [1][-]{section.5}{结构化命令}{}% 19
\BOOKMARK [2][-]{subsection.5.1}{if语句}{section.5}% 20
\BOOKMARK [2][-]{subsection.5.2}{while语句}{section.5}% 21
\BOOKMARK [2][-]{subsection.5.3}{do-while语句}{section.5}% 22
\BOOKMARK [2][-]{subsection.5.4}{for语句}{section.5}% 23
\BOOKMARK [1][-]{section.6}{格式化打印}{}% 24
\BOOKMARK [1][-]{section.7}{内置函数}{}% 25
\BOOKMARK [2][-]{subsection.7.1}{数学函数}{section.7}% 26
\BOOKMARK [2][-]{subsection.7.2}{字符串函数}{section.7}% 27
\BOOKMARK [2][-]{subsection.7.3}{时间函数}{section.7}% 28
\BOOKMARK [1][-]{section.8}{用户定义的函数}{}% 29
\BOOKMARK [2][-]{subsection.8.1}{定义函数}{section.8}% 30
\BOOKMARK [2][-]{subsection.8.2}{创建函数库}{section.8}% 31
