\BOOKMARK [1][-]{section.1}{CPU配置}{}% 1
\BOOKMARK [2][-]{subsection.1.1}{-smp参数项}{section.1}% 2
\BOOKMARK [2][-]{subsection.1.2}{查看cpu配置}{section.1}% 3
\BOOKMARK [3][-]{subsubsection.1.2.1}{在客户机中查看cpu信息}{subsection.1.2}% 4
\BOOKMARK [3][-]{subsubsection.1.2.2}{使用qemu监控客户机cpu信息}{subsection.1.2}% 5
\BOOKMARK [2][-]{subsection.1.3}{-cpu参数项}{section.1}% 6
\BOOKMARK [2][-]{subsection.1.4}{vCPU的绑定}{section.1}% 7
\BOOKMARK [3][-]{subsubsection.1.4.1}{隔离宿主机CPU}{subsection.1.4}% 8
\BOOKMARK [3][-]{subsubsection.1.4.2}{绑定客户机vCPU}{subsection.1.4}% 9
\BOOKMARK [1][-]{section.2}{内存配置}{}% 10
\BOOKMARK [2][-]{subsection.2.1}{-m参数项}{section.2}% 11
\BOOKMARK [2][-]{subsection.2.2}{查看内存信息}{section.2}% 12
\BOOKMARK [2][-]{subsection.2.3}{EPT扩展页表}{section.2}% 13
\BOOKMARK [2][-]{subsection.2.4}{-mem-path参数项}{section.2}% 14
\BOOKMARK [1][-]{section.3}{存储配置}{}% 15
\BOOKMARK [2][-]{subsection.3.1}{与存储相关的参数项}{section.3}% 16
\BOOKMARK [2][-]{subsection.3.2}{-driver参数项}{section.3}% 17
\BOOKMARK [2][-]{subsection.3.3}{-boot参数项}{section.3}% 18
\BOOKMARK [2][-]{subsection.3.4}{qemu-img命令}{section.3}% 19
\BOOKMARK [2][-]{subsection.3.5}{qemu支持的镜像文件格式}{section.3}% 20
\BOOKMARK [2][-]{subsection.3.6}{客户机存储方式}{section.3}% 21
\BOOKMARK [1][-]{section.4}{网络配置}{}% 22
\BOOKMARK [2][-]{subsection.4.1}{使用网桥模式}{section.4}% 23
\BOOKMARK [2][-]{subsection.4.2}{使用NAT模式}{section.4}% 24
\BOOKMARK [2][-]{subsection.4.3}{使用用户模式}{section.4}% 25
\BOOKMARK [2][-]{subsection.4.4}{其他网络选项}{section.4}% 26
\BOOKMARK [1][-]{section.5}{显示配置}{}% 27
\BOOKMARK [2][-]{subsection.5.1}{使用SDL}{section.5}% 28
\BOOKMARK [2][-]{subsection.5.2}{使用VNC}{section.5}% 29
\BOOKMARK [2][-]{subsection.5.3}{使用非图形模式}{section.5}% 30
\BOOKMARK [2][-]{subsection.5.4}{其他显示选项}{section.5}% 31
