\BOOKMARK [1][-]{section.1}{函数的调用}{}% 1
\BOOKMARK [1][-]{section.2}{字符串处理函数}{}% 2
\BOOKMARK [2][-]{subsection.2.1}{subst函数}{section.2}% 3
\BOOKMARK [2][-]{subsection.2.2}{patsubst}{section.2}% 4
\BOOKMARK [2][-]{subsection.2.3}{strip}{section.2}% 5
\BOOKMARK [2][-]{subsection.2.4}{findstring}{section.2}% 6
\BOOKMARK [2][-]{subsection.2.5}{filter}{section.2}% 7
\BOOKMARK [2][-]{subsection.2.6}{filter-out}{section.2}% 8
\BOOKMARK [2][-]{subsection.2.7}{sort}{section.2}% 9
\BOOKMARK [2][-]{subsection.2.8}{word}{section.2}% 10
\BOOKMARK [2][-]{subsection.2.9}{wordlist}{section.2}% 11
\BOOKMARK [2][-]{subsection.2.10}{words}{section.2}% 12
\BOOKMARK [2][-]{subsection.2.11}{firstword}{section.2}% 13
\BOOKMARK [1][-]{section.3}{文件名操作函数}{}% 14
\BOOKMARK [2][-]{subsection.3.1}{dir}{section.3}% 15
\BOOKMARK [2][-]{subsection.3.2}{notdir}{section.3}% 16
\BOOKMARK [2][-]{subsection.3.3}{suffix}{section.3}% 17
\BOOKMARK [2][-]{subsection.3.4}{basename}{section.3}% 18
\BOOKMARK [2][-]{subsection.3.5}{addsuffix}{section.3}% 19
\BOOKMARK [2][-]{subsection.3.6}{addprefix}{section.3}% 20
\BOOKMARK [2][-]{subsection.3.7}{join}{section.3}% 21
\BOOKMARK [1][-]{section.4}{foreach函数}{}% 22
\BOOKMARK [1][-]{section.5}{if函数}{}% 23
\BOOKMARK [1][-]{section.6}{call函数}{}% 24
\BOOKMARK [1][-]{section.7}{origin函数}{}% 25
\BOOKMARK [1][-]{section.8}{shell函数}{}% 26
\BOOKMARK [1][-]{section.9}{控制make的函数}{}% 27
\BOOKMARK [2][-]{subsection.9.1}{error}{section.9}% 28
\BOOKMARK [2][-]{subsection.9.2}{warning}{section.9}% 29
